Using pre-set license
Built from '2022.3/staging' branch; Version is '2022.3.32f1 (c8300dc0a3fa) revision 13119501'; Using compiler version '192829333'; Build Type 'Release'
OS: 'Windows 11  (10.0.26100) 64bit Core' Language: 'en' Physical Memory: 32675 MB
BatchMode: 1, IsHumanControllingUs: 0, StartBugReporterOnCrash: 0, Is64bit: 1, IsPro: 1

COMMAND LINE ARGUMENTS:
C:\Program Files\Unity\Hub\Editor\2022.3.32f1\Editor\Unity.exe
-adb2
-batchMode
-noUpm
-name
AssetImportWorker5
-projectPath
C:/Users/cjoyn/ChaosClass/ChaosClass/Chaos Class
-logFile
Logs/AssetImportWorker5.log
-srvPort
51382
Successfully changed project path to: C:/Users/cjoyn/ChaosClass/ChaosClass/Chaos Class
C:/Users/cjoyn/ChaosClass/ChaosClass/Chaos Class
[UnityMemory] Configuration Parameters - Can be set up in boot.config
    "memorysetup-bucket-allocator-granularity=16"
    "memorysetup-bucket-allocator-bucket-count=8"
    "memorysetup-bucket-allocator-block-size=33554432"
    "memorysetup-bucket-allocator-block-count=8"
    "memorysetup-main-allocator-block-size=16777216"
    "memorysetup-thread-allocator-block-size=16777216"
    "memorysetup-gfx-main-allocator-block-size=16777216"
    "memorysetup-gfx-thread-allocator-block-size=16777216"
    "memorysetup-cache-allocator-block-size=4194304"
    "memorysetup-typetree-allocator-block-size=2097152"
    "memorysetup-profiler-bucket-allocator-granularity=16"
    "memorysetup-profiler-bucket-allocator-bucket-count=8"
    "memorysetup-profiler-bucket-allocator-block-size=33554432"
    "memorysetup-profiler-bucket-allocator-block-count=8"
    "memorysetup-profiler-allocator-block-size=16777216"
    "memorysetup-profiler-editor-allocator-block-size=1048576"
    "memorysetup-temp-allocator-size-main=16777216"
    "memorysetup-job-temp-allocator-block-size=2097152"
    "memorysetup-job-temp-allocator-block-size-background=1048576"
    "memorysetup-job-temp-allocator-reduction-small-platforms=262144"
    "memorysetup-allocator-temp-initial-block-size-main=262144"
    "memorysetup-allocator-temp-initial-block-size-worker=262144"
    "memorysetup-temp-allocator-size-background-worker=32768"
    "memorysetup-temp-allocator-size-job-worker=262144"
    "memorysetup-temp-allocator-size-preload-manager=33554432"
    "memorysetup-temp-allocator-size-nav-mesh-worker=65536"
    "memorysetup-temp-allocator-size-audio-worker=65536"
    "memorysetup-temp-allocator-size-cloud-worker=32768"
    "memorysetup-temp-allocator-size-gi-baking-worker=262144"
    "memorysetup-temp-allocator-size-gfx=262144"
Player connection [23724] Host "[IP] 10.20.28.95 [Port] 0 [Flags] 2 [Guid] 1965324974 [EditorId] 1965324974 [Version] 1048832 [Id] WindowsEditor(7,DESKTOP-VIBAG9J) [Debug] 1 [PackageName] WindowsEditor [ProjectName] Editor" joined multi-casting on [225.0.0.222:54997]...

Player connection [23724] Host "[IP] 10.20.28.95 [Port] 0 [Flags] 2 [Guid] 1965324974 [EditorId] 1965324974 [Version] 1048832 [Id] WindowsEditor(7,DESKTOP-VIBAG9J) [Debug] 1 [PackageName] WindowsEditor [ProjectName] Editor" joined alternative multi-casting on [225.0.0.222:34997]...

[PhysX] Initialized MultithreadedTaskDispatcher with 12 workers.
Refreshing native plugins compatible for Editor in 11.31 ms, found 3 plugins.
Preloading 0 native plugins for Editor in 0.00 ms.
Initialize engine version: 2022.3.32f1 (c8300dc0a3fa)
[Subsystems] Discovering subsystems at path C:/Program Files/Unity/Hub/Editor/2022.3.32f1/Editor/Data/Resources/UnitySubsystems
[Subsystems] Discovering subsystems at path C:/Users/cjoyn/ChaosClass/ChaosClass/Chaos Class/Assets
GfxDevice: creating device client; threaded=0; jobified=0
Direct3D:
    Version:  Direct3D 11.0 [level 11.1]
    Renderer: NVIDIA GeForce RTX 3060 (ID=0x2504)
    Vendor:   NVIDIA
    VRAM:     12115 MB
    Driver:   32.0.15.6636
Initialize mono
Mono path[0] = 'C:/Program Files/Unity/Hub/Editor/2022.3.32f1/Editor/Data/Managed'
Mono path[1] = 'C:/Program Files/Unity/Hub/Editor/2022.3.32f1/Editor/Data/MonoBleedingEdge/lib/mono/unityjit-win32'
Mono config path = 'C:/Program Files/Unity/Hub/Editor/2022.3.32f1/Editor/Data/MonoBleedingEdge/etc'
Using monoOptions --debugger-agent=transport=dt_socket,embedding=1,server=y,suspend=n,address=127.0.0.1:56892
Begin MonoManager ReloadAssembly
Registering precompiled unity dll's ...
Register platform support module: C:/Program Files/Unity/Hub/Editor/2022.3.32f1/Editor/Data/PlaybackEngines/AndroidPlayer/UnityEditor.Android.Extensions.dll
Register platform support module: C:/Program Files/Unity/Hub/Editor/2022.3.32f1/Editor/Data/PlaybackEngines/iOSSupport/UnityEditor.iOS.Extensions.dll
Register platform support module: C:/Program Files/Unity/Hub/Editor/2022.3.32f1/Editor/Data/PlaybackEngines/WindowsStandaloneSupport/UnityEditor.WindowsStandalone.Extensions.dll
Register platform support module: C:/Program Files/Unity/Hub/Editor/2022.3.32f1/Editor/Data/PlaybackEngines/MetroSupport/UnityEditor.UWP.Extensions.dll
Registered in 0.012512 seconds.
- Loaded All Assemblies, in  0.284 seconds
Native extension for UWP target not found
Native extension for WindowsStandalone target not found
[usbmuxd] Start listen thread
[usbmuxd] Listen thread started
Native extension for iOS target not found
Native extension for Android target not found
Android Extension - Scanning For ADB Devices 219 ms
Mono: successfully reloaded assembly
- Finished resetting the current domain, in  0.480 seconds
Domain Reload Profiling: 761ms
	BeginReloadAssembly (87ms)
		ExecutionOrderSort (0ms)
		DisableScriptedObjects (0ms)
		BackupInstance (0ms)
		ReleaseScriptingObjects (0ms)
		CreateAndSetChildDomain (1ms)
	RebuildCommonClasses (27ms)
	RebuildNativeTypeToScriptingClass (8ms)
	initialDomainReloadingComplete (54ms)
	LoadAllAssembliesAndSetupDomain (106ms)
		LoadAssemblies (86ms)
		RebuildTransferFunctionScriptingTraits (0ms)
		AnalyzeDomain (103ms)
			TypeCache.Refresh (102ms)
				TypeCache.ScanAssembly (93ms)
			ScanForSourceGeneratedMonoScriptInfo (0ms)
			ResolveRequiredComponents (0ms)
	FinalizeReload (480ms)
		ReleaseScriptCaches (0ms)
		RebuildScriptCaches (0ms)
		SetupLoadedEditorAssemblies (440ms)
			LogAssemblyErrors (0ms)
			InitializePlatformSupportModulesInManaged (319ms)
			SetLoadedEditorAssemblies (3ms)
			RefreshPlugins (0ms)
			BeforeProcessingInitializeOnLoad (2ms)
			ProcessInitializeOnLoadAttributes (84ms)
			ProcessInitializeOnLoadMethodAttributes (32ms)
			AfterProcessingInitializeOnLoad (0ms)
			EditorAssembliesLoaded (0ms)
		ExecutionOrderSort2 (0ms)
		AwakeInstancesAfterBackupRestoration (0ms)
========================================================================
Worker process is ready to serve import requests
Begin MonoManager ReloadAssembly
- Loaded All Assemblies, in  0.492 seconds
Refreshing native plugins compatible for Editor in 4.11 ms, found 3 plugins.
Native extension for UWP target not found
Native extension for WindowsStandalone target not found
Native extension for iOS target not found
Native extension for Android target not found
Mono: successfully reloaded assembly
- Finished resetting the current domain, in  0.475 seconds
Domain Reload Profiling: 963ms
	BeginReloadAssembly (112ms)
		ExecutionOrderSort (0ms)
		DisableScriptedObjects (4ms)
		BackupInstance (0ms)
		ReleaseScriptingObjects (0ms)
		CreateAndSetChildDomain (17ms)
	RebuildCommonClasses (24ms)
	RebuildNativeTypeToScriptingClass (7ms)
	initialDomainReloadingComplete (38ms)
	LoadAllAssembliesAndSetupDomain (306ms)
		LoadAssemblies (239ms)
		RebuildTransferFunctionScriptingTraits (0ms)
		AnalyzeDomain (133ms)
			TypeCache.Refresh (118ms)
				TypeCache.ScanAssembly (105ms)
			ScanForSourceGeneratedMonoScriptInfo (10ms)
			ResolveRequiredComponents (4ms)
	FinalizeReload (475ms)
		ReleaseScriptCaches (0ms)
		RebuildScriptCaches (0ms)
		SetupLoadedEditorAssemblies (358ms)
			LogAssemblyErrors (0ms)
			InitializePlatformSupportModulesInManaged (29ms)
			SetLoadedEditorAssemblies (2ms)
			RefreshPlugins (0ms)
			BeforeProcessingInitializeOnLoad (48ms)
			ProcessInitializeOnLoadAttributes (255ms)
			ProcessInitializeOnLoadMethodAttributes (15ms)
			AfterProcessingInitializeOnLoad (8ms)
			EditorAssembliesLoaded (0ms)
		ExecutionOrderSort2 (0ms)
		AwakeInstancesAfterBackupRestoration (5ms)
Launched and connected shader compiler UnityShaderCompiler.exe after 0.03 seconds
Refreshing native plugins compatible for Editor in 4.12 ms, found 3 plugins.
Preloading 0 native plugins for Editor in 0.00 ms.
Unloading 3138 Unused Serialized files (Serialized files now loaded: 0)
Unloading 34 unused Assets / (58.5 KB). Loaded Objects now: 3617.
Memory consumption went from 140.4 MB to 140.4 MB.
Total: 2.725200 ms (FindLiveObjects: 0.214900 ms CreateObjectMapping: 0.113300 ms MarkObjects: 2.279600 ms  DeleteObjects: 0.116700 ms)

AssetImportParameters requested are different than current active one (requested -> active):
  custom:container-demuxer-ogg: 62fdf1f143b41e24485cea50d1cbac27 -> 
  custom:video-codec-MediaFoundation-h265: e54d7ab0439102e2317fc1e4b246158d -> 
  custom:video-decoder-ogg-theora: a1e56fd34408186e4bbccfd4996cb3dc -> 
  custom:framework-win-MediaFoundation: 216162199b28c13a410421893ffa2e32 -> 
  custom:CustomObjectIndexerAttribute: 9a22284fe3817be447336de3de66b15e -> 
  custom:container-demuxer-webm: 4f35f7cbe854078d1ac9338744f61a02 -> 
  custom:container-muxer-webm: aa71ff27fc2769a1b78a27578f13a17b -> 
  custom:video-decoder-webm-vp8: 9c59270c3fd7afecdb556c50c9e8de78 -> 
  custom:SearchIndexIgnoredProperties: e643bd26f0fe6173181afceb89e7c659 -> 
  custom:AudioImporter_EditorPlatform: d09bf68614088b80899f8185d706f6e7 -> 
  custom:video-encoder-webm-vp8: eb34c28f22e8b96e1ab97ce403110664 -> 
  custom:audio-decoder-ogg-vorbis: bf7c407c2cedff20999df2af8eb42d56 -> 
  custom:audio-encoder-webm-vorbis: bf7c407c2cedff20999df2af8eb42d56 -> 
========================================================================
Received Import Request.
  Time since last request: 5299.925058 seconds.
  path: Assets/Phoenix3D/Textures/Outdoor_Wall_T01/Outdoor_Wall_T01_Height.png
  artifactKey: Guid(d345008fd77998b4aa64aff436270f70) Importer(815301076,1909f56bfc062723c751e8b465ee728b)
Start importing Assets/Phoenix3D/Textures/Outdoor_Wall_T01/Outdoor_Wall_T01_Height.png using Guid(d345008fd77998b4aa64aff436270f70) Importer(815301076,1909f56bfc062723c751e8b465ee728b) [PhysX] Initialized MultithreadedTaskDispatcher with 12 workers.
[PhysX] Initialized MultithreadedTaskDispatcher with 12 workers.
 -> (artifact id: 'b5889eeda169db7988f4dd68d9a35ecd') in 0.057021 seconds
Number of updated asset objects reloaded before import = 0
Number of asset objects unloaded after import = 2
========================================================================
Received Import Request.
  Time since last request: 0.000020 seconds.
  path: Assets/Phoenix3D/Textures/Outdoor_Wall_T03/Outdoor_Wall_T03_Normal_DirectX.png
  artifactKey: Guid(1222710ff14552e48b2bb2187fee79ef) Importer(815301076,1909f56bfc062723c751e8b465ee728b)
Start importing Assets/Phoenix3D/Textures/Outdoor_Wall_T03/Outdoor_Wall_T03_Normal_DirectX.png using Guid(1222710ff14552e48b2bb2187fee79ef) Importer(815301076,1909f56bfc062723c751e8b465ee728b) [PhysX] Initialized MultithreadedTaskDispatcher with 12 workers.
[PhysX] Initialized MultithreadedTaskDispatcher with 12 workers.
 -> (artifact id: 'e4785df82084873b9827ccbe894077bd') in 0.022375 seconds
Number of updated asset objects reloaded before import = 0
Number of asset objects unloaded after import = 2
========================================================================
Received Import Request.
  Time since last request: 0.000016 seconds.
  path: Assets/Phoenix3D/Textures/Outdoor_Wall_T01/Outdoor_Wall_T01_Roughness.png
  artifactKey: Guid(6c5b1672c262f4440b8d569faa7a872e) Importer(815301076,1909f56bfc062723c751e8b465ee728b)
Start importing Assets/Phoenix3D/Textures/Outdoor_Wall_T01/Outdoor_Wall_T01_Roughness.png using Guid(6c5b1672c262f4440b8d569faa7a872e) Importer(815301076,1909f56bfc062723c751e8b465ee728b) [PhysX] Initialized MultithreadedTaskDispatcher with 12 workers.
[PhysX] Initialized MultithreadedTaskDispatcher with 12 workers.
 -> (artifact id: '404bfebf445bd25c4a094d7b48e4500e') in 0.012800 seconds
Number of updated asset objects reloaded before import = 0
Number of asset objects unloaded after import = 2
========================================================================
Received Import Request.
  Time since last request: 0.000015 seconds.
  path: Assets/Phoenix3D/Textures/Outdoor_Wall_T02/Outdoor_Wall_T02_Normal_DirectX.png
  artifactKey: Guid(305d12fd0fb4d3842a6e5d080c6c6ff3) Importer(815301076,1909f56bfc062723c751e8b465ee728b)
Start importing Assets/Phoenix3D/Textures/Outdoor_Wall_T02/Outdoor_Wall_T02_Normal_DirectX.png using Guid(305d12fd0fb4d3842a6e5d080c6c6ff3) Importer(815301076,1909f56bfc062723c751e8b465ee728b) [PhysX] Initialized MultithreadedTaskDispatcher with 12 workers.
[PhysX] Initialized MultithreadedTaskDispatcher with 12 workers.
 -> (artifact id: 'aa648cf6331f83fc02bb6128cdd07fdf') in 0.012401 seconds
Number of updated asset objects reloaded before import = 0
Number of asset objects unloaded after import = 2
========================================================================
Received Import Request.
  Time since last request: 4.116064 seconds.
  path: Assets/Phoenix3D/Textures/Outdoor_Wall_T06/Outdoor_Wall_T06_Base_Color.png
  artifactKey: Guid(867d1a6589acef245b6b7ce465b94cd5) Importer(815301076,1909f56bfc062723c751e8b465ee728b)
Start importing Assets/Phoenix3D/Textures/Outdoor_Wall_T06/Outdoor_Wall_T06_Base_Color.png using Guid(867d1a6589acef245b6b7ce465b94cd5) Importer(815301076,1909f56bfc062723c751e8b465ee728b) [PhysX] Initialized MultithreadedTaskDispatcher with 12 workers.
[PhysX] Initialized MultithreadedTaskDispatcher with 12 workers.
 -> (artifact id: 'a58d99b87c25ca814c8ae04e9149e389') in 0.013790 seconds
Number of updated asset objects reloaded before import = 0
Number of asset objects unloaded after import = 2
========================================================================
Received Import Request.
  Time since last request: 0.000014 seconds.
  path: Assets/Phoenix3D/Textures/Outdoor_Wall_T08/Outdoor_Wall_T08_Base_Color.png
  artifactKey: Guid(14046fe196c35754a801dcd9efccbcca) Importer(815301076,1909f56bfc062723c751e8b465ee728b)
Start importing Assets/Phoenix3D/Textures/Outdoor_Wall_T08/Outdoor_Wall_T08_Base_Color.png using Guid(14046fe196c35754a801dcd9efccbcca) Importer(815301076,1909f56bfc062723c751e8b465ee728b) [PhysX] Initialized MultithreadedTaskDispatcher with 12 workers.
[PhysX] Initialized MultithreadedTaskDispatcher with 12 workers.
 -> (artifact id: 'fa1631bec15b75edeb6c9db6e6dbb8f3') in 0.015016 seconds
Number of updated asset objects reloaded before import = 0
Number of asset objects unloaded after import = 2
========================================================================
Received Import Request.
  Time since last request: 0.000021 seconds.
  path: Assets/Phoenix3D/Textures/Outdoor_Wall_T13/Outdoor_Wall_T13_Base_Color.png
  artifactKey: Guid(293a707497437e946b55bca5902ad5ba) Importer(815301076,1909f56bfc062723c751e8b465ee728b)
Start importing Assets/Phoenix3D/Textures/Outdoor_Wall_T13/Outdoor_Wall_T13_Base_Color.png using Guid(293a707497437e946b55bca5902ad5ba) Importer(815301076,1909f56bfc062723c751e8b465ee728b) [PhysX] Initialized MultithreadedTaskDispatcher with 12 workers.
[PhysX] Initialized MultithreadedTaskDispatcher with 12 workers.
 -> (artifact id: '1723008c3213d32cd9c3af46b2e49d19') in 0.036196 seconds
Number of updated asset objects reloaded before import = 0
Number of asset objects unloaded after import = 2
========================================================================
Received Import Request.
  Time since last request: 0.000015 seconds.
  path: Assets/Phoenix3D/Textures/Outdoor_Wall_T16/Outdoor_Wall_T16_Base_Color.png
  artifactKey: Guid(037dc7c73d0d32248800610a05f938e0) Importer(815301076,1909f56bfc062723c751e8b465ee728b)
Start importing Assets/Phoenix3D/Textures/Outdoor_Wall_T16/Outdoor_Wall_T16_Base_Color.png using Guid(037dc7c73d0d32248800610a05f938e0) Importer(815301076,1909f56bfc062723c751e8b465ee728b) [PhysX] Initialized MultithreadedTaskDispatcher with 12 workers.
[PhysX] Initialized MultithreadedTaskDispatcher with 12 workers.
 -> (artifact id: 'ce1e7252099940c9da488a0bff679bfe') in 0.012839 seconds
Number of updated asset objects reloaded before import = 0
Number of asset objects unloaded after import = 2
========================================================================
Received Import Request.
  Time since last request: 0.000019 seconds.
  path: Assets/Kansai University (Takatsuki)/Textures/WoodBoard/WoodBoard_basecolor.png
  artifactKey: Guid(f3b0d137ea33cbd4097fd811c4ba92a7) Importer(815301076,1909f56bfc062723c751e8b465ee728b)
Start importing Assets/Kansai University (Takatsuki)/Textures/WoodBoard/WoodBoard_basecolor.png using Guid(f3b0d137ea33cbd4097fd811c4ba92a7) Importer(815301076,1909f56bfc062723c751e8b465ee728b) [PhysX] Initialized MultithreadedTaskDispatcher with 12 workers.
[PhysX] Initialized MultithreadedTaskDispatcher with 12 workers.
 -> (artifact id: '31a5d506820a90f6f2925506febefc4e') in 0.015801 seconds
Number of updated asset objects reloaded before import = 0
Number of asset objects unloaded after import = 2
========================================================================
Received Import Request.
  Time since last request: 9.073071 seconds.
  path: Assets/Kansai University (Takatsuki)/Textures/Concreate3/Concreate3_normal.png
  artifactKey: Guid(45e4e14c22c0dcf408f651d6ce39a3e8) Importer(815301076,1909f56bfc062723c751e8b465ee728b)
Start importing Assets/Kansai University (Takatsuki)/Textures/Concreate3/Concreate3_normal.png using Guid(45e4e14c22c0dcf408f651d6ce39a3e8) Importer(815301076,1909f56bfc062723c751e8b465ee728b) [PhysX] Initialized MultithreadedTaskDispatcher with 12 workers.
[PhysX] Initialized MultithreadedTaskDispatcher with 12 workers.
 -> (artifact id: 'cb133efcb62e4a862d2c524b623abd75') in 0.027949 seconds
Number of updated asset objects reloaded before import = 0
Number of asset objects unloaded after import = 2
========================================================================
Received Import Request.
  Time since last request: 0.038342 seconds.
  path: Assets/Kansai University (Takatsuki)/Textures/cursor.png
  artifactKey: Guid(65052faf0bc5f494fbfa6a9d724ef655) Importer(815301076,1909f56bfc062723c751e8b465ee728b)
Start importing Assets/Kansai University (Takatsuki)/Textures/cursor.png using Guid(65052faf0bc5f494fbfa6a9d724ef655) Importer(815301076,1909f56bfc062723c751e8b465ee728b) [PhysX] Initialized MultithreadedTaskDispatcher with 12 workers.
[PhysX] Initialized MultithreadedTaskDispatcher with 12 workers.
 -> (artifact id: '53b2bcc7ce5ff208f4423d179fae3241') in 0.041265 seconds
Number of updated asset objects reloaded before import = 0
Number of asset objects unloaded after import = 3
========================================================================
Received Import Request.
  Time since last request: 0.101758 seconds.
  path: Assets/Office Pack/Models/Clock/Digital Clock/DigitalScreen.png
  artifactKey: Guid(1cbde7bfc183768498014af73615a7cc) Importer(815301076,1909f56bfc062723c751e8b465ee728b)
Start importing Assets/Office Pack/Models/Clock/Digital Clock/DigitalScreen.png using Guid(1cbde7bfc183768498014af73615a7cc) Importer(815301076,1909f56bfc062723c751e8b465ee728b) [PhysX] Initialized MultithreadedTaskDispatcher with 12 workers.
[PhysX] Initialized MultithreadedTaskDispatcher with 12 workers.
 -> (artifact id: '9f10cdb1eda0f7e43538b0163389e538') in 0.023969 seconds
Number of updated asset objects reloaded before import = 0
Number of asset objects unloaded after import = 2
========================================================================
Received Import Request.
  Time since last request: 1.189387 seconds.
  path: Assets/Kansai University (Takatsuki)/Textures/Akikan/Greentea.png
  artifactKey: Guid(cadb63e3877da914998352d4b3fd1e5b) Importer(815301076,1909f56bfc062723c751e8b465ee728b)
Start importing Assets/Kansai University (Takatsuki)/Textures/Akikan/Greentea.png using Guid(cadb63e3877da914998352d4b3fd1e5b) Importer(815301076,1909f56bfc062723c751e8b465ee728b) [PhysX] Initialized MultithreadedTaskDispatcher with 12 workers.
[PhysX] Initialized MultithreadedTaskDispatcher with 12 workers.
 -> (artifact id: '2642d238383f00828d54a465a9c13031') in 0.012898 seconds
Number of updated asset objects reloaded before import = 0
Number of asset objects unloaded after import = 2
========================================================================
Received Import Request.
  Time since last request: 0.000018 seconds.
  path: Assets/Kansai University (Takatsuki)/Textures/Ishigaki/Ishigaki_normal.png
  artifactKey: Guid(b8c61d2fc5e25bb4db667695c74d84fe) Importer(815301076,1909f56bfc062723c751e8b465ee728b)
Start importing Assets/Kansai University (Takatsuki)/Textures/Ishigaki/Ishigaki_normal.png using Guid(b8c61d2fc5e25bb4db667695c74d84fe) Importer(815301076,1909f56bfc062723c751e8b465ee728b) [PhysX] Initialized MultithreadedTaskDispatcher with 12 workers.
[PhysX] Initialized MultithreadedTaskDispatcher with 12 workers.
 -> (artifact id: '2f17303e3ff2ed4972ea9f54da125512') in 0.015713 seconds
Number of updated asset objects reloaded before import = 0
Number of asset objects unloaded after import = 2
========================================================================
Received Import Request.
  Time since last request: 0.000018 seconds.
  path: Assets/Kansai University (Takatsuki)/Textures/JobPaper.png
  artifactKey: Guid(c0255d3cde979404eabd6be368781a7e) Importer(815301076,1909f56bfc062723c751e8b465ee728b)
Start importing Assets/Kansai University (Takatsuki)/Textures/JobPaper.png using Guid(c0255d3cde979404eabd6be368781a7e) Importer(815301076,1909f56bfc062723c751e8b465ee728b) [PhysX] Initialized MultithreadedTaskDispatcher with 12 workers.
[PhysX] Initialized MultithreadedTaskDispatcher with 12 workers.
 -> (artifact id: '3e8bab5ab93a06739658e2adcbc1a529') in 0.017134 seconds
Number of updated asset objects reloaded before import = 0
Number of asset objects unloaded after import = 2
========================================================================
Received Import Request.
  Time since last request: 0.000014 seconds.
  path: Assets/Kansai University (Takatsuki)/Textures/hukidasi.png
  artifactKey: Guid(70d9a8f242e8973448e31905f43b9116) Importer(815301076,1909f56bfc062723c751e8b465ee728b)
Start importing Assets/Kansai University (Takatsuki)/Textures/hukidasi.png using Guid(70d9a8f242e8973448e31905f43b9116) Importer(815301076,1909f56bfc062723c751e8b465ee728b) [PhysX] Initialized MultithreadedTaskDispatcher with 12 workers.
[PhysX] Initialized MultithreadedTaskDispatcher with 12 workers.
 -> (artifact id: 'ccfcddc385ab89067bd1be0eefa8be67') in 0.015653 seconds
Number of updated asset objects reloaded before import = 0
Number of asset objects unloaded after import = 3
========================================================================
Received Import Request.
  Time since last request: 0.000016 seconds.
  path: Assets/TextMesh Pro/Resources/Fonts & Materials/LiberationSans SDF.asset
  artifactKey: Guid(8f586378b4e144a9851e7b34d9b748ee) Importer(815301076,1909f56bfc062723c751e8b465ee728b)
Start importing Assets/TextMesh Pro/Resources/Fonts & Materials/LiberationSans SDF.asset using Guid(8f586378b4e144a9851e7b34d9b748ee) Importer(815301076,1909f56bfc062723c751e8b465ee728b) [PhysX] Initialized MultithreadedTaskDispatcher with 12 workers.
[PhysX] Initialized MultithreadedTaskDispatcher with 12 workers.
[PhysX] Initialized MultithreadedTaskDispatcher with 12 workers.
 -> (artifact id: '7025dd01abb67b762dc7debe1d683cc1') in 0.069536 seconds
Number of updated asset objects reloaded before import = 0
Number of asset objects unloaded after import = 9
========================================================================
Received Import Request.
  Time since last request: 0.220103 seconds.
  path: Assets/Phoenix3D/Textures/Outdoor_Wall_T04/Outdoor_Wall_T04_MaskMap.png
  artifactKey: Guid(5a761ebe0ee6c9e46871de506d6f223b) Importer(815301076,1909f56bfc062723c751e8b465ee728b)
Start importing Assets/Phoenix3D/Textures/Outdoor_Wall_T04/Outdoor_Wall_T04_MaskMap.png using Guid(5a761ebe0ee6c9e46871de506d6f223b) Importer(815301076,1909f56bfc062723c751e8b465ee728b) [PhysX] Initialized MultithreadedTaskDispatcher with 12 workers.
[PhysX] Initialized MultithreadedTaskDispatcher with 12 workers.
 -> (artifact id: '12d85976e2c931366cafb44b6f32fb43') in 0.014931 seconds
Number of updated asset objects reloaded before import = 0
Number of asset objects unloaded after import = 2
========================================================================
Received Import Request.
  Time since last request: 0.055104 seconds.
  path: Assets/Phoenix3D/Textures/Outdoor_Wall_T05/Outdoor_Wall_T05_Normal_DirectX.png
  artifactKey: Guid(5ad7b1af440d24443b5b947cc750b920) Importer(815301076,1909f56bfc062723c751e8b465ee728b)
Start importing Assets/Phoenix3D/Textures/Outdoor_Wall_T05/Outdoor_Wall_T05_Normal_DirectX.png using Guid(5ad7b1af440d24443b5b947cc750b920) Importer(815301076,1909f56bfc062723c751e8b465ee728b) [PhysX] Initialized MultithreadedTaskDispatcher with 12 workers.
[PhysX] Initialized MultithreadedTaskDispatcher with 12 workers.
 -> (artifact id: '0ff22dcff4490377af4c7f4dfe9296cc') in 0.012463 seconds
Number of updated asset objects reloaded before import = 0
Number of asset objects unloaded after import = 2
========================================================================
Received Import Request.
  Time since last request: 0.290000 seconds.
  path: Assets/Phoenix3D/Textures/Outdoor_Wall_T06/Outdoor_Wall_T06_Normal_DirectX.png
  artifactKey: Guid(6f61d17e1a557be459e7e5c443ee4a29) Importer(815301076,1909f56bfc062723c751e8b465ee728b)
Start importing Assets/Phoenix3D/Textures/Outdoor_Wall_T06/Outdoor_Wall_T06_Normal_DirectX.png using Guid(6f61d17e1a557be459e7e5c443ee4a29) Importer(815301076,1909f56bfc062723c751e8b465ee728b) [PhysX] Initialized MultithreadedTaskDispatcher with 12 workers.
[PhysX] Initialized MultithreadedTaskDispatcher with 12 workers.
 -> (artifact id: '4bcbd393437f9044b9968ac431f10f6b') in 0.012858 seconds
Number of updated asset objects reloaded before import = 0
Number of asset objects unloaded after import = 2
========================================================================
Received Import Request.
  Time since last request: 0.015324 seconds.
  path: Assets/Phoenix3D/Textures/Outdoor_Wall_T07/Outdoor_Wall_T07_Normal_DirectX.png
  artifactKey: Guid(1294ceb46bcd7784e887f661c308d75b) Importer(815301076,1909f56bfc062723c751e8b465ee728b)
Start importing Assets/Phoenix3D/Textures/Outdoor_Wall_T07/Outdoor_Wall_T07_Normal_DirectX.png using Guid(1294ceb46bcd7784e887f661c308d75b) Importer(815301076,1909f56bfc062723c751e8b465ee728b) [PhysX] Initialized MultithreadedTaskDispatcher with 12 workers.
[PhysX] Initialized MultithreadedTaskDispatcher with 12 workers.
 -> (artifact id: '17c9b33893bf6a112058d66c361d4a83') in 0.012255 seconds
Number of updated asset objects reloaded before import = 0
Number of asset objects unloaded after import = 2
========================================================================
Received Import Request.
  Time since last request: 0.016549 seconds.
  path: Assets/Phoenix3D/Textures/Outdoor_Wall_T08/Outdoor_Wall_T08_Normal_DirectX.png
  artifactKey: Guid(4e61cbb92553d024daa25df92b1138fa) Importer(815301076,1909f56bfc062723c751e8b465ee728b)
Start importing Assets/Phoenix3D/Textures/Outdoor_Wall_T08/Outdoor_Wall_T08_Normal_DirectX.png using Guid(4e61cbb92553d024daa25df92b1138fa) Importer(815301076,1909f56bfc062723c751e8b465ee728b) [PhysX] Initialized MultithreadedTaskDispatcher with 12 workers.
[PhysX] Initialized MultithreadedTaskDispatcher with 12 workers.
 -> (artifact id: '100b73aab3cc76c7cc042e5e9a10cd94') in 0.012412 seconds
Number of updated asset objects reloaded before import = 0
Number of asset objects unloaded after import = 2
========================================================================
Received Import Request.
  Time since last request: 0.015801 seconds.
  path: Assets/Phoenix3D/Textures/Outdoor_Wall_T09/Outdoor_Wall_T09_Normal_DirectX.png
  artifactKey: Guid(efc19caf6b8e8794da00e4ba827be9e4) Importer(815301076,1909f56bfc062723c751e8b465ee728b)
Start importing Assets/Phoenix3D/Textures/Outdoor_Wall_T09/Outdoor_Wall_T09_Normal_DirectX.png using Guid(efc19caf6b8e8794da00e4ba827be9e4) Importer(815301076,1909f56bfc062723c751e8b465ee728b) [PhysX] Initialized MultithreadedTaskDispatcher with 12 workers.
[PhysX] Initialized MultithreadedTaskDispatcher with 12 workers.
 -> (artifact id: 'c112d9c98770a924417192ec4c11ab77') in 0.012117 seconds
Number of updated asset objects reloaded before import = 0
Number of asset objects unloaded after import = 2
========================================================================
Received Import Request.
  Time since last request: 0.274749 seconds.
  path: Assets/Phoenix3D/Textures/Outdoor_Wall_T10/Outdoor_Wall_T10_Normal_DirectX.png
  artifactKey: Guid(22c6880ec16fef04e9c0b9db9f0355bc) Importer(815301076,1909f56bfc062723c751e8b465ee728b)
Start importing Assets/Phoenix3D/Textures/Outdoor_Wall_T10/Outdoor_Wall_T10_Normal_DirectX.png using Guid(22c6880ec16fef04e9c0b9db9f0355bc) Importer(815301076,1909f56bfc062723c751e8b465ee728b) [PhysX] Initialized MultithreadedTaskDispatcher with 12 workers.
[PhysX] Initialized MultithreadedTaskDispatcher with 12 workers.
 -> (artifact id: 'fc83bfb13dbedb73280bededa1abd581') in 0.013096 seconds
Number of updated asset objects reloaded before import = 0
Number of asset objects unloaded after import = 2
========================================================================
Received Import Request.
  Time since last request: 0.014371 seconds.
  path: Assets/Phoenix3D/Textures/Outdoor_Wall_T11/Outdoor_Wall_T11_Normal_DirectX.png
  artifactKey: Guid(144af1f2fa6818e49a3fce6c19e8d8e1) Importer(815301076,1909f56bfc062723c751e8b465ee728b)
Start importing Assets/Phoenix3D/Textures/Outdoor_Wall_T11/Outdoor_Wall_T11_Normal_DirectX.png using Guid(144af1f2fa6818e49a3fce6c19e8d8e1) Importer(815301076,1909f56bfc062723c751e8b465ee728b) [PhysX] Initialized MultithreadedTaskDispatcher with 12 workers.
[PhysX] Initialized MultithreadedTaskDispatcher with 12 workers.
 -> (artifact id: '97ec78ae6e29d6fcc6f3c2ea97c23426') in 0.011693 seconds
Number of updated asset objects reloaded before import = 0
Number of asset objects unloaded after import = 2
========================================================================
Received Import Request.
  Time since last request: 0.018581 seconds.
  path: Assets/Phoenix3D/Textures/Outdoor_Wall_T12/Outdoor_Wall_T12_Normal_DirectX.png
  artifactKey: Guid(4524dac66117b78458503c05cb135664) Importer(815301076,1909f56bfc062723c751e8b465ee728b)
Start importing Assets/Phoenix3D/Textures/Outdoor_Wall_T12/Outdoor_Wall_T12_Normal_DirectX.png using Guid(4524dac66117b78458503c05cb135664) Importer(815301076,1909f56bfc062723c751e8b465ee728b) [PhysX] Initialized MultithreadedTaskDispatcher with 12 workers.
[PhysX] Initialized MultithreadedTaskDispatcher with 12 workers.
 -> (artifact id: '3f06aefe6d898f8b6b39ffad0219d1d3') in 0.011875 seconds
Number of updated asset objects reloaded before import = 0
Number of asset objects unloaded after import = 2
========================================================================
Received Import Request.
  Time since last request: 0.022896 seconds.
  path: Assets/Phoenix3D/Textures/Outdoor_Wall_T13/Outdoor_Wall_T13_Normal_DirectX.png
  artifactKey: Guid(3fb7e39329e9b5643b89e061512891ca) Importer(815301076,1909f56bfc062723c751e8b465ee728b)
Start importing Assets/Phoenix3D/Textures/Outdoor_Wall_T13/Outdoor_Wall_T13_Normal_DirectX.png using Guid(3fb7e39329e9b5643b89e061512891ca) Importer(815301076,1909f56bfc062723c751e8b465ee728b) [PhysX] Initialized MultithreadedTaskDispatcher with 12 workers.
[PhysX] Initialized MultithreadedTaskDispatcher with 12 workers.
 -> (artifact id: '04f30f7a5b86777bfa63337a130c8223') in 0.013460 seconds
Number of updated asset objects reloaded before import = 0
Number of asset objects unloaded after import = 2
========================================================================
Received Import Request.
  Time since last request: 0.268702 seconds.
  path: Assets/Phoenix3D/Textures/Outdoor_Wall_T14/Outdoor_Wall_T14_Normal_DirectX.png
  artifactKey: Guid(c5f02d970bf6a444391960431fad7394) Importer(815301076,1909f56bfc062723c751e8b465ee728b)
Start importing Assets/Phoenix3D/Textures/Outdoor_Wall_T14/Outdoor_Wall_T14_Normal_DirectX.png using Guid(c5f02d970bf6a444391960431fad7394) Importer(815301076,1909f56bfc062723c751e8b465ee728b) [PhysX] Initialized MultithreadedTaskDispatcher with 12 workers.
[PhysX] Initialized MultithreadedTaskDispatcher with 12 workers.
 -> (artifact id: 'f0e11f7145d276dc8473d236ff84033a') in 0.012647 seconds
Number of updated asset objects reloaded before import = 0
Number of asset objects unloaded after import = 2
========================================================================
Received Import Request.
  Time since last request: 0.000017 seconds.
  path: Assets/Phoenix3D/Textures/Outdoor_Wall_T14/Outdoor_Wall_T14_Roughness.png
  artifactKey: Guid(0738bb658c156d64195ecf225919f12c) Importer(815301076,1909f56bfc062723c751e8b465ee728b)
Start importing Assets/Phoenix3D/Textures/Outdoor_Wall_T14/Outdoor_Wall_T14_Roughness.png using Guid(0738bb658c156d64195ecf225919f12c) Importer(815301076,1909f56bfc062723c751e8b465ee728b) [PhysX] Initialized MultithreadedTaskDispatcher with 12 workers.
[PhysX] Initialized MultithreadedTaskDispatcher with 12 workers.
 -> (artifact id: '222ba0f2bb5d2a01366cb4f6a3759287') in 0.013062 seconds
Number of updated asset objects reloaded before import = 0
Number of asset objects unloaded after import = 2
========================================================================
Received Import Request.
  Time since last request: 0.016264 seconds.
  path: Assets/Phoenix3D/Textures/Outdoor_Wall_T16/Outdoor_Wall_T16_Height.png
  artifactKey: Guid(609bdeeb627b6d74887af45576bc92df) Importer(815301076,1909f56bfc062723c751e8b465ee728b)
Start importing Assets/Phoenix3D/Textures/Outdoor_Wall_T16/Outdoor_Wall_T16_Height.png using Guid(609bdeeb627b6d74887af45576bc92df) Importer(815301076,1909f56bfc062723c751e8b465ee728b) [PhysX] Initialized MultithreadedTaskDispatcher with 12 workers.
[PhysX] Initialized MultithreadedTaskDispatcher with 12 workers.
 -> (artifact id: 'd8c8f32a654ee203f281ae0d575f21f9') in 0.012330 seconds
Number of updated asset objects reloaded before import = 0
Number of asset objects unloaded after import = 2
========================================================================
Received Import Request.
  Time since last request: 0.000019 seconds.
  path: Assets/Phoenix3D/Textures/Outdoor_Wall_T16/Outdoor_Wall_T16_MaskMap.png
  artifactKey: Guid(6927612eff27aaa4eb042d5efa39f4e1) Importer(815301076,1909f56bfc062723c751e8b465ee728b)
Start importing Assets/Phoenix3D/Textures/Outdoor_Wall_T16/Outdoor_Wall_T16_MaskMap.png using Guid(6927612eff27aaa4eb042d5efa39f4e1) Importer(815301076,1909f56bfc062723c751e8b465ee728b) [PhysX] Initialized MultithreadedTaskDispatcher with 12 workers.
[PhysX] Initialized MultithreadedTaskDispatcher with 12 workers.
 -> (artifact id: '048179f3283e2099f2034afa915bea45') in 0.012665 seconds
Number of updated asset objects reloaded before import = 0
Number of asset objects unloaded after import = 2
========================================================================
Received Import Request.
  Time since last request: 0.000015 seconds.
  path: Assets/Office Pack/Models/All In One PC/Pantalla-bloqueo-Ubuntu.png
  artifactKey: Guid(0c34ac078b0b2114e881b14e63b01dc3) Importer(815301076,1909f56bfc062723c751e8b465ee728b)
Start importing Assets/Office Pack/Models/All In One PC/Pantalla-bloqueo-Ubuntu.png using Guid(0c34ac078b0b2114e881b14e63b01dc3) Importer(815301076,1909f56bfc062723c751e8b465ee728b) [PhysX] Initialized MultithreadedTaskDispatcher with 12 workers.
[PhysX] Initialized MultithreadedTaskDispatcher with 12 workers.
 -> (artifact id: 'f2342bd20f39e2d43331a401c3e9c13e') in 0.013412 seconds
Number of updated asset objects reloaded before import = 0
Number of asset objects unloaded after import = 2
========================================================================
Received Import Request.
  Time since last request: 0.000017 seconds.
  path: Assets/Images/rectangle-gradient-clipart-lg.png
  artifactKey: Guid(e4db04eb3fc194d96b13bfb8f5a5235d) Importer(815301076,1909f56bfc062723c751e8b465ee728b)
Start importing Assets/Images/rectangle-gradient-clipart-lg.png using Guid(e4db04eb3fc194d96b13bfb8f5a5235d) Importer(815301076,1909f56bfc062723c751e8b465ee728b) [PhysX] Initialized MultithreadedTaskDispatcher with 12 workers.
[PhysX] Initialized MultithreadedTaskDispatcher with 12 workers.
 -> (artifact id: '773415eac4b9998a3c13bef8852c94d9') in 0.016588 seconds
Number of updated asset objects reloaded before import = 0
Number of asset objects unloaded after import = 3
========================================================================
Received Import Request.
  Time since last request: 0.241225 seconds.
  path: Assets/Kansai University (Takatsuki)/Textures/RedBrick/RedBrick_metallic.png
  artifactKey: Guid(00f7ec4254059c644a3d6f03eeb16bca) Importer(815301076,1909f56bfc062723c751e8b465ee728b)
Start importing Assets/Kansai University (Takatsuki)/Textures/RedBrick/RedBrick_metallic.png using Guid(00f7ec4254059c644a3d6f03eeb16bca) Importer(815301076,1909f56bfc062723c751e8b465ee728b) [PhysX] Initialized MultithreadedTaskDispatcher with 12 workers.
[PhysX] Initialized MultithreadedTaskDispatcher with 12 workers.
 -> (artifact id: '723393303f4a3cef2a019655c0cb7b46') in 0.007069 seconds
Number of updated asset objects reloaded before import = 0
Number of asset objects unloaded after import = 2
========================================================================
Received Import Request.
  Time since last request: 0.028210 seconds.
  path: Assets/Kansai University (Takatsuki)/Textures/Akikan/soda.png
  artifactKey: Guid(ecd12be04f010da4a8fbd7882a16b5b2) Importer(815301076,1909f56bfc062723c751e8b465ee728b)
Start importing Assets/Kansai University (Takatsuki)/Textures/Akikan/soda.png using Guid(ecd12be04f010da4a8fbd7882a16b5b2) Importer(815301076,1909f56bfc062723c751e8b465ee728b) [PhysX] Initialized MultithreadedTaskDispatcher with 12 workers.
[PhysX] Initialized MultithreadedTaskDispatcher with 12 workers.
 -> (artifact id: '5a21e961fa14f86589bf139551dda04f') in 0.011789 seconds
Number of updated asset objects reloaded before import = 0
Number of asset objects unloaded after import = 2
========================================================================
Received Import Request.
  Time since last request: 0.000015 seconds.
  path: Assets/Kansai University (Takatsuki)/Textures/Stones/Stones_metallic.png
  artifactKey: Guid(4d4f2b14a795d8e48b01ab6244929514) Importer(815301076,1909f56bfc062723c751e8b465ee728b)
Start importing Assets/Kansai University (Takatsuki)/Textures/Stones/Stones_metallic.png using Guid(4d4f2b14a795d8e48b01ab6244929514) Importer(815301076,1909f56bfc062723c751e8b465ee728b) [PhysX] Initialized MultithreadedTaskDispatcher with 12 workers.
[PhysX] Initialized MultithreadedTaskDispatcher with 12 workers.
 -> (artifact id: '58c2e1917a8ec9a66061c86ff6da076f') in 0.011918 seconds
Number of updated asset objects reloaded before import = 0
Number of asset objects unloaded after import = 2
========================================================================
Received Import Request.
  Time since last request: 0.000016 seconds.
  path: Assets/Kansai University (Takatsuki)/Textures/StoneTile/StoneTile_basecolor.png
  artifactKey: Guid(e70277ccdc148a442b5a545275bcaf20) Importer(815301076,1909f56bfc062723c751e8b465ee728b)
Start importing Assets/Kansai University (Takatsuki)/Textures/StoneTile/StoneTile_basecolor.png using Guid(e70277ccdc148a442b5a545275bcaf20) Importer(815301076,1909f56bfc062723c751e8b465ee728b) [PhysX] Initialized MultithreadedTaskDispatcher with 12 workers.
[PhysX] Initialized MultithreadedTaskDispatcher with 12 workers.
 -> (artifact id: '3667ca857822b9346a263136d2c55385') in 0.013635 seconds
Number of updated asset objects reloaded before import = 0
Number of asset objects unloaded after import = 2
========================================================================
Received Import Request.
  Time since last request: 0.000017 seconds.
  path: Assets/Kansai University (Takatsuki)/Textures/Stones/Stones_normal.png
  artifactKey: Guid(9c2fd2a703b6bef4692780fb3f364ed2) Importer(815301076,1909f56bfc062723c751e8b465ee728b)
Start importing Assets/Kansai University (Takatsuki)/Textures/Stones/Stones_normal.png using Guid(9c2fd2a703b6bef4692780fb3f364ed2) Importer(815301076,1909f56bfc062723c751e8b465ee728b) [PhysX] Initialized MultithreadedTaskDispatcher with 12 workers.
[PhysX] Initialized MultithreadedTaskDispatcher with 12 workers.
 -> (artifact id: '438f8608f670592233886bc087f8b67f') in 0.013300 seconds
Number of updated asset objects reloaded before import = 0
Number of asset objects unloaded after import = 2
========================================================================
Received Import Request.
  Time since last request: 0.009026 seconds.
  path: Assets/Kansai University (Takatsuki)/Textures/Tile1/Tile1_basecolor.png
  artifactKey: Guid(75714703ba57bfc4c92b5bf91d7dad82) Importer(815301076,1909f56bfc062723c751e8b465ee728b)
Start importing Assets/Kansai University (Takatsuki)/Textures/Tile1/Tile1_basecolor.png using Guid(75714703ba57bfc4c92b5bf91d7dad82) Importer(815301076,1909f56bfc062723c751e8b465ee728b) [PhysX] Initialized MultithreadedTaskDispatcher with 12 workers.
[PhysX] Initialized MultithreadedTaskDispatcher with 12 workers.
 -> (artifact id: 'a5d5209ec542d18c23d8cef6d93a2e70') in 0.013065 seconds
Number of updated asset objects reloaded before import = 0
Number of asset objects unloaded after import = 2
========================================================================
Received Import Request.
  Time since last request: 0.002505 seconds.
  path: Assets/Kansai University (Takatsuki)/Textures/Tile1/Tile1_roughness.png
  artifactKey: Guid(ff6c28c54842ed040984d769b9fac34c) Importer(815301076,1909f56bfc062723c751e8b465ee728b)
Start importing Assets/Kansai University (Takatsuki)/Textures/Tile1/Tile1_roughness.png using Guid(ff6c28c54842ed040984d769b9fac34c) Importer(815301076,1909f56bfc062723c751e8b465ee728b) [PhysX] Initialized MultithreadedTaskDispatcher with 12 workers.
[PhysX] Initialized MultithreadedTaskDispatcher with 12 workers.
 -> (artifact id: '3c92835d705621ebc4e9183eedcea5b7') in 0.005637 seconds
Number of updated asset objects reloaded before import = 0
Number of asset objects unloaded after import = 2
========================================================================
Received Import Request.
  Time since last request: 0.240968 seconds.
  path: Assets/Kansai University (Takatsuki)/Textures/Tile2/Tile2_metallic.png
  artifactKey: Guid(79613b0db62d1804293c2f11a0da9924) Importer(815301076,1909f56bfc062723c751e8b465ee728b)
Start importing Assets/Kansai University (Takatsuki)/Textures/Tile2/Tile2_metallic.png using Guid(79613b0db62d1804293c2f11a0da9924) Importer(815301076,1909f56bfc062723c751e8b465ee728b) [PhysX] Initialized MultithreadedTaskDispatcher with 12 workers.
[PhysX] Initialized MultithreadedTaskDispatcher with 12 workers.
 -> (artifact id: '051aabcce83540345e83c62f1373cca8') in 0.006732 seconds
Number of updated asset objects reloaded before import = 0
Number of asset objects unloaded after import = 2
========================================================================
Received Import Request.
  Time since last request: 0.025414 seconds.
  path: Assets/Kansai University (Takatsuki)/Textures/Tile5/Tile5_basecolor.png
  artifactKey: Guid(9adbdf193f930a84c982383e387a60e5) Importer(815301076,1909f56bfc062723c751e8b465ee728b)
Start importing Assets/Kansai University (Takatsuki)/Textures/Tile5/Tile5_basecolor.png using Guid(9adbdf193f930a84c982383e387a60e5) Importer(815301076,1909f56bfc062723c751e8b465ee728b) [PhysX] Initialized MultithreadedTaskDispatcher with 12 workers.
[PhysX] Initialized MultithreadedTaskDispatcher with 12 workers.
 -> (artifact id: 'b0b52207ce06cb1cada2f72d970250eb') in 0.012263 seconds
Number of updated asset objects reloaded before import = 0
Number of asset objects unloaded after import = 2
========================================================================
Received Import Request.
  Time since last request: 0.000016 seconds.
  path: Assets/Kansai University (Takatsuki)/Textures/Tile5/Tile5_metallic.png
  artifactKey: Guid(7a9ec88e9ca97c64683edaca4b5a7409) Importer(815301076,1909f56bfc062723c751e8b465ee728b)
Start importing Assets/Kansai University (Takatsuki)/Textures/Tile5/Tile5_metallic.png using Guid(7a9ec88e9ca97c64683edaca4b5a7409) Importer(815301076,1909f56bfc062723c751e8b465ee728b) [PhysX] Initialized MultithreadedTaskDispatcher with 12 workers.
[PhysX] Initialized MultithreadedTaskDispatcher with 12 workers.
 -> (artifact id: '5a188e3a3fe11066de32fafb18909615') in 0.005148 seconds
Number of updated asset objects reloaded before import = 0
Number of asset objects unloaded after import = 2
========================================================================
Received Import Request.
  Time since last request: 0.000014 seconds.
  path: Assets/Kansai University (Takatsuki)/Textures/Tile5/Tile5_height.png
  artifactKey: Guid(440cd6d90a68cce40b304adb1c482313) Importer(815301076,1909f56bfc062723c751e8b465ee728b)
Start importing Assets/Kansai University (Takatsuki)/Textures/Tile5/Tile5_height.png using Guid(440cd6d90a68cce40b304adb1c482313) Importer(815301076,1909f56bfc062723c751e8b465ee728b) [PhysX] Initialized MultithreadedTaskDispatcher with 12 workers.
[PhysX] Initialized MultithreadedTaskDispatcher with 12 workers.
 -> (artifact id: 'cb0679297af25bef11ff11bb7739887e') in 0.005113 seconds
Number of updated asset objects reloaded before import = 0
Number of asset objects unloaded after import = 2
========================================================================
Received Import Request.
  Time since last request: 0.000018 seconds.
  path: Assets/Kansai University (Takatsuki)/Textures/Tile6/Tile6_normal.png
  artifactKey: Guid(5e824e7acaed41049ac5de1fa7e57168) Importer(815301076,1909f56bfc062723c751e8b465ee728b)
Start importing Assets/Kansai University (Takatsuki)/Textures/Tile6/Tile6_normal.png using Guid(5e824e7acaed41049ac5de1fa7e57168) Importer(815301076,1909f56bfc062723c751e8b465ee728b) [PhysX] Initialized MultithreadedTaskDispatcher with 12 workers.
[PhysX] Initialized MultithreadedTaskDispatcher with 12 workers.
 -> (artifact id: 'b3303712ad0eebdea75be1dd59a0b1be') in 0.010006 seconds
Number of updated asset objects reloaded before import = 0
Number of asset objects unloaded after import = 2
========================================================================
Received Import Request.
  Time since last request: 0.000396 seconds.
  path: Assets/Kansai University (Takatsuki)/Textures/Wood/tileable_tree_bark_texture_by_ftourini-d3l69hz.png
  artifactKey: Guid(b72e031a75791ea48b9515d7a25ebf02) Importer(815301076,1909f56bfc062723c751e8b465ee728b)
Start importing Assets/Kansai University (Takatsuki)/Textures/Wood/tileable_tree_bark_texture_by_ftourini-d3l69hz.png using Guid(b72e031a75791ea48b9515d7a25ebf02) Importer(815301076,1909f56bfc062723c751e8b465ee728b) [PhysX] Initialized MultithreadedTaskDispatcher with 12 workers.
[PhysX] Initialized MultithreadedTaskDispatcher with 12 workers.
 -> (artifact id: 'd7bb4d0cee3d1ad0bbdecde5b2c59fc8') in 0.011923 seconds
Number of updated asset objects reloaded before import = 0
Number of asset objects unloaded after import = 2
========================================================================
Received Import Request.
  Time since last request: 0.000016 seconds.
  path: Assets/Kansai University (Takatsuki)/Textures/Totan1/Totan1_basecolor.png
  artifactKey: Guid(2fea02d9d6b168d4c80021b377b14c9f) Importer(815301076,1909f56bfc062723c751e8b465ee728b)
Start importing Assets/Kansai University (Takatsuki)/Textures/Totan1/Totan1_basecolor.png using Guid(2fea02d9d6b168d4c80021b377b14c9f) Importer(815301076,1909f56bfc062723c751e8b465ee728b) [PhysX] Initialized MultithreadedTaskDispatcher with 12 workers.
[PhysX] Initialized MultithreadedTaskDispatcher with 12 workers.
 -> (artifact id: 'db2a8be6791c45f20aebdb76d8fe1bc5') in 0.013635 seconds
Number of updated asset objects reloaded before import = 0
Number of asset objects unloaded after import = 2
========================================================================
Received Import Request.
  Time since last request: 0.016242 seconds.
  path: Assets/Kansai University (Takatsuki)/Textures/Totan1/Totan1_roughness.png
  artifactKey: Guid(1e546755c5d346649b428a7d64b4f87e) Importer(815301076,1909f56bfc062723c751e8b465ee728b)
Start importing Assets/Kansai University (Takatsuki)/Textures/Totan1/Totan1_roughness.png using Guid(1e546755c5d346649b428a7d64b4f87e) Importer(815301076,1909f56bfc062723c751e8b465ee728b) [PhysX] Initialized MultithreadedTaskDispatcher with 12 workers.
[PhysX] Initialized MultithreadedTaskDispatcher with 12 workers.
 -> (artifact id: '134b601da3ecfb91ffe90299427d8780') in 0.005290 seconds
Number of updated asset objects reloaded before import = 0
Number of asset objects unloaded after import = 2
========================================================================
Received Import Request.
  Time since last request: 0.220103 seconds.
  path: Assets/SimpleHands/Textures/W-Hand/W-AO.png
  artifactKey: Guid(188e2771915f24b26b8e2976587ecad7) Importer(815301076,1909f56bfc062723c751e8b465ee728b)
Start importing Assets/SimpleHands/Textures/W-Hand/W-AO.png using Guid(188e2771915f24b26b8e2976587ecad7) Importer(815301076,1909f56bfc062723c751e8b465ee728b) [PhysX] Initialized MultithreadedTaskDispatcher with 12 workers.
[PhysX] Initialized MultithreadedTaskDispatcher with 12 workers.
 -> (artifact id: '17ed467e8d3d41519fddc41d8ec99aab') in 0.032344 seconds
Number of updated asset objects reloaded before import = 0
Number of asset objects unloaded after import = 2
========================================================================
Received Import Request.
  Time since last request: 0.014988 seconds.
  path: Assets/Kansai University (Takatsuki)/Textures/WoodTile/WoodTile_height.png
  artifactKey: Guid(c00da15656474624883dac27387a030c) Importer(815301076,1909f56bfc062723c751e8b465ee728b)
Start importing Assets/Kansai University (Takatsuki)/Textures/WoodTile/WoodTile_height.png using Guid(c00da15656474624883dac27387a030c) Importer(815301076,1909f56bfc062723c751e8b465ee728b) [PhysX] Initialized MultithreadedTaskDispatcher with 12 workers.
[PhysX] Initialized MultithreadedTaskDispatcher with 12 workers.
 -> (artifact id: 'a0336c8f73b6ea2926d59049ffdd0046') in 0.005545 seconds
Number of updated asset objects reloaded before import = 0
Number of asset objects unloaded after import = 2
========================================================================
Received Import Request.
  Time since last request: 0.000013 seconds.
  path: Assets/Kansai University (Takatsuki)/Textures/WoodTile/WoodTile_roughness.png
  artifactKey: Guid(05abb4a993b7f8144879880116b79f16) Importer(815301076,1909f56bfc062723c751e8b465ee728b)
Start importing Assets/Kansai University (Takatsuki)/Textures/WoodTile/WoodTile_roughness.png using Guid(05abb4a993b7f8144879880116b79f16) Importer(815301076,1909f56bfc062723c751e8b465ee728b) [PhysX] Initialized MultithreadedTaskDispatcher with 12 workers.
[PhysX] Initialized MultithreadedTaskDispatcher with 12 workers.
 -> (artifact id: '8c190466a91f9d68173e310b1190db3e') in 0.013321 seconds
Number of updated asset objects reloaded before import = 0
Number of asset objects unloaded after import = 2
========================================================================
Received Prepare
Begin MonoManager ReloadAssembly
- Loaded All Assemblies, in  0.411 seconds
Refreshing native plugins compatible for Editor in 4.53 ms, found 3 plugins.
Native extension for UWP target not found
Native extension for WindowsStandalone target not found
Native extension for iOS target not found
Native extension for Android target not found
Mono: successfully reloaded assembly
- Finished resetting the current domain, in  0.885 seconds
Domain Reload Profiling: 1293ms
	BeginReloadAssembly (140ms)
		ExecutionOrderSort (0ms)
		DisableScriptedObjects (3ms)
		BackupInstance (0ms)
		ReleaseScriptingObjects (0ms)
		CreateAndSetChildDomain (34ms)
	RebuildCommonClasses (24ms)
	RebuildNativeTypeToScriptingClass (10ms)
	initialDomainReloadingComplete (27ms)
	LoadAllAssembliesAndSetupDomain (206ms)
		LoadAssemblies (264ms)
		RebuildTransferFunctionScriptingTraits (0ms)
		AnalyzeDomain (15ms)
			TypeCache.Refresh (7ms)
				TypeCache.ScanAssembly (0ms)
			ScanForSourceGeneratedMonoScriptInfo (0ms)
			ResolveRequiredComponents (6ms)
	FinalizeReload (886ms)
		ReleaseScriptCaches (0ms)
		RebuildScriptCaches (0ms)
		SetupLoadedEditorAssemblies (361ms)
			LogAssemblyErrors (0ms)
			InitializePlatformSupportModulesInManaged (30ms)
			SetLoadedEditorAssemblies (4ms)
			RefreshPlugins (0ms)
			BeforeProcessingInitializeOnLoad (52ms)
			ProcessInitializeOnLoadAttributes (248ms)
			ProcessInitializeOnLoadMethodAttributes (17ms)
			AfterProcessingInitializeOnLoad (10ms)
			EditorAssembliesLoaded (0ms)
		ExecutionOrderSort2 (0ms)
		AwakeInstancesAfterBackupRestoration (5ms)
Refreshing native plugins compatible for Editor in 4.37 ms, found 3 plugins.
Preloading 0 native plugins for Editor in 0.00 ms.
Unloading 3115 Unused Serialized files (Serialized files now loaded: 0)
Unloading 25 unused Assets / (31.6 KB). Loaded Objects now: 3669.
Memory consumption went from 135.5 MB to 135.5 MB.
Total: 2.504200 ms (FindLiveObjects: 0.202200 ms CreateObjectMapping: 0.115000 ms MarkObjects: 2.143800 ms  DeleteObjects: 0.042600 ms)

Prepare: number of updated asset objects reloaded= 0
AssetImportParameters requested are different than current active one (requested -> active):
  custom:container-demuxer-ogg: 62fdf1f143b41e24485cea50d1cbac27 -> 
  custom:video-codec-MediaFoundation-h265: e54d7ab0439102e2317fc1e4b246158d -> 
  custom:video-decoder-ogg-theora: a1e56fd34408186e4bbccfd4996cb3dc -> 
  custom:framework-win-MediaFoundation: 216162199b28c13a410421893ffa2e32 -> 
  custom:CustomObjectIndexerAttribute: 9a22284fe3817be447336de3de66b15e -> 
  custom:container-demuxer-webm: 4f35f7cbe854078d1ac9338744f61a02 -> 
  custom:container-muxer-webm: aa71ff27fc2769a1b78a27578f13a17b -> 
  custom:video-decoder-webm-vp8: 9c59270c3fd7afecdb556c50c9e8de78 -> 
  custom:SearchIndexIgnoredProperties: e643bd26f0fe6173181afceb89e7c659 -> 
  custom:AudioImporter_EditorPlatform: d09bf68614088b80899f8185d706f6e7 -> 
  custom:video-encoder-webm-vp8: eb34c28f22e8b96e1ab97ce403110664 -> 
  custom:audio-decoder-ogg-vorbis: bf7c407c2cedff20999df2af8eb42d56 -> 
  custom:audio-encoder-webm-vorbis: bf7c407c2cedff20999df2af8eb42d56 -> 
Editor requested this worker to shutdown with reason: Scaling down because of idle timeout
TcpMessagingSession - receive error: operation aborted. errorcode: 995, details: The I/O operation has been aborted because of either a thread exit or an application request.
AssetImportWorker is now disconnected from the server
Process exiting
Exiting without the bug reporter. Application will terminate with return code 0